{"/home/hp/Documents/sourabhl/restAPI/controller/controller.js": {"path":"/home/hp/Documents/sourabhl/restAPI/controller/controller.js","statementMap":{"0":{"start":{"line":1,"column":16},"end":{"line":1,"column":41}},"1":{"start":{"line":2,"column":0},"end":{"line":66,"column":2}},"2":{"start":{"line":4,"column":4},"end":{"line":13,"column":5}},"3":{"start":{"line":5,"column":40},"end":{"line":5,"column":48}},"4":{"start":{"line":6,"column":6},"end":{"line":8,"column":7}},"5":{"start":{"line":7,"column":8},"end":{"line":7,"column":77}},"6":{"start":{"line":9,"column":25},"end":{"line":9,"column":55}},"7":{"start":{"line":10,"column":6},"end":{"line":10,"column":43}},"8":{"start":{"line":12,"column":6},"end":{"line":12,"column":53}},"9":{"start":{"line":17,"column":4},"end":{"line":22,"column":5}},"10":{"start":{"line":18,"column":25},"end":{"line":18,"column":45}},"11":{"start":{"line":19,"column":6},"end":{"line":19,"column":43}},"12":{"start":{"line":21,"column":6},"end":{"line":21,"column":53}},"13":{"start":{"line":25,"column":4},"end":{"line":35,"column":5}},"14":{"start":{"line":26,"column":21},"end":{"line":26,"column":31}},"15":{"start":{"line":27,"column":21},"end":{"line":27,"column":51}},"16":{"start":{"line":28,"column":6},"end":{"line":32,"column":7}},"17":{"start":{"line":29,"column":8},"end":{"line":29,"column":62}},"18":{"start":{"line":31,"column":8},"end":{"line":31,"column":47}},"19":{"start":{"line":34,"column":6},"end":{"line":34,"column":65}},"20":{"start":{"line":39,"column":19},"end":{"line":43,"column":5}},"21":{"start":{"line":44,"column":4},"end":{"line":44,"column":43}},"22":{"start":{"line":48,"column":4},"end":{"line":53,"column":5}},"23":{"start":{"line":49,"column":21},"end":{"line":49,"column":76}},"24":{"start":{"line":50,"column":6},"end":{"line":50,"column":45}},"25":{"start":{"line":52,"column":6},"end":{"line":52,"column":65}},"26":{"start":{"line":57,"column":19},"end":{"line":57,"column":67}},"27":{"start":{"line":58,"column":20},"end":{"line":58,"column":35}},"28":{"start":{"line":59,"column":22},"end":{"line":59,"column":39}},"29":{"start":{"line":60,"column":4},"end":{"line":64,"column":5}},"30":{"start":{"line":61,"column":6},"end":{"line":61,"column":62}},"31":{"start":{"line":63,"column":6},"end":{"line":63,"column":62}}},"fnMap":{"0":{"name":"(anonymous_0)","decl":{"start":{"line":3,"column":15},"end":{"line":3,"column":16}},"loc":{"start":{"line":3,"column":35},"end":{"line":14,"column":3}},"line":3},"1":{"name":"(anonymous_1)","decl":{"start":{"line":16,"column":16},"end":{"line":16,"column":17}},"loc":{"start":{"line":16,"column":36},"end":{"line":23,"column":3}},"line":16},"2":{"name":"(anonymous_2)","decl":{"start":{"line":24,"column":18},"end":{"line":24,"column":19}},"loc":{"start":{"line":24,"column":38},"end":{"line":36,"column":3}},"line":24},"3":{"name":"(anonymous_3)","decl":{"start":{"line":38,"column":15},"end":{"line":38,"column":16}},"loc":{"start":{"line":38,"column":35},"end":{"line":45,"column":3}},"line":38},"4":{"name":"(anonymous_4)","decl":{"start":{"line":47,"column":15},"end":{"line":47,"column":16}},"loc":{"start":{"line":47,"column":35},"end":{"line":54,"column":3}},"line":47},"5":{"name":"(anonymous_5)","decl":{"start":{"line":56,"column":9},"end":{"line":56,"column":10}},"loc":{"start":{"line":56,"column":29},"end":{"line":65,"column":3}},"line":56}},"branchMap":{"0":{"loc":{"start":{"line":6,"column":6},"end":{"line":8,"column":7}},"type":"if","locations":[{"start":{"line":6,"column":6},"end":{"line":8,"column":7}},{"start":{},"end":{}}],"line":6},"1":{"loc":{"start":{"line":6,"column":10},"end":{"line":6,"column":38}},"type":"binary-expr","locations":[{"start":{"line":6,"column":10},"end":{"line":6,"column":16}},{"start":{"line":6,"column":20},"end":{"line":6,"column":29}},{"start":{"line":6,"column":33},"end":{"line":6,"column":38}}],"line":6},"2":{"loc":{"start":{"line":28,"column":6},"end":{"line":32,"column":7}},"type":"if","locations":[{"start":{"line":28,"column":6},"end":{"line":32,"column":7}},{"start":{"line":30,"column":13},"end":{"line":32,"column":7}}],"line":28},"3":{"loc":{"start":{"line":60,"column":4},"end":{"line":64,"column":5}},"type":"if","locations":[{"start":{"line":60,"column":4},"end":{"line":64,"column":5}},{"start":{"line":62,"column":11},"end":{"line":64,"column":5}}],"line":60}},"s":{"0":1,"1":1,"2":3,"3":3,"4":2,"5":1,"6":1,"7":1,"8":1,"9":2,"10":2,"11":1,"12":1,"13":3,"14":3,"15":3,"16":2,"17":1,"18":1,"19":1,"20":1,"21":1,"22":2,"23":2,"24":1,"25":1,"26":2,"27":2,"28":2,"29":2,"30":1,"31":1},"f":{"0":3,"1":2,"2":3,"3":1,"4":2,"5":2},"b":{"0":[1,1],"1":[2,1,1],"2":[1,1],"3":[1,1]},"_coverageSchema":"1a1c01bbd47fc00a2c39e90264f33305004495a9","hash":"759b247aa5142f44b3963420765ce977e15e1730"}
,"/home/hp/Documents/sourabhl/restAPI/model/model.js": {"path":"/home/hp/Documents/sourabhl/restAPI/model/model.js","statementMap":{"0":{"start":{"line":1,"column":18},"end":{"line":1,"column":38}},"1":{"start":{"line":2,"column":17},"end":{"line":2,"column":36}},"2":{"start":{"line":4,"column":22},"end":{"line":30,"column":2}},"3":{"start":{"line":32,"column":16},"end":{"line":32,"column":60}},"4":{"start":{"line":33,"column":0},"end":{"line":33,"column":25}}},"fnMap":{},"branchMap":{},"s":{"0":1,"1":1,"2":1,"3":1,"4":1},"f":{},"b":{},"_coverageSchema":"1a1c01bbd47fc00a2c39e90264f33305004495a9","hash":"a79581073c136415fa2dec96f48d121f638614b2"}
}
