TN:
SF:controller/controller.js
FN:3,(anonymous_0)
FN:16,(anonymous_1)
FN:24,(anonymous_2)
FN:38,(anonymous_3)
FN:47,(anonymous_4)
FN:56,(anonymous_5)
FNF:6
FNH:6
FNDA:3,(anonymous_0)
FNDA:2,(anonymous_1)
FNDA:3,(anonymous_2)
FNDA:1,(anonymous_3)
FNDA:2,(anonymous_4)
FNDA:2,(anonymous_5)
DA:1,1
DA:2,1
DA:4,3
DA:5,3
DA:6,2
DA:7,1
DA:9,1
DA:10,1
DA:12,1
DA:17,2
DA:18,2
DA:19,1
DA:21,1
DA:25,3
DA:26,3
DA:27,3
DA:28,2
DA:29,1
DA:31,1
DA:34,1
DA:39,1
DA:44,1
DA:48,2
DA:49,2
DA:50,1
DA:52,1
DA:57,2
DA:58,2
DA:59,2
DA:60,2
DA:61,1
DA:63,1
LF:32
LH:32
BRDA:6,0,0,1
BRDA:6,0,1,1
BRDA:6,1,0,2
BRDA:6,1,1,1
BRDA:6,1,2,1
BRDA:28,2,0,1
BRDA:28,2,1,1
BRDA:60,3,0,1
BRDA:60,3,1,1
BRF:9
BRH:9
end_of_record
TN:
SF:model/model.js
FNF:0
FNH:0
DA:1,1
DA:2,1
DA:4,1
DA:32,1
DA:33,1
LF:5
LH:5
BRF:0
BRH:0
end_of_record
